C:\Users\HP\Desktop\ASPNET_mvc_Angular\WebApp\ClientApp\dist\out-tsc\e2e\app.po.js
C:\Users\HP\Desktop\ASPNET_mvc_Angular\WebApp\ClientApp\dist\out-tsc\e2e\app.po.js.map
C:\Users\HP\Desktop\ASPNET_mvc_Angular\WebApp\ClientApp\dist\out-tsc\e2e\app.e2e-spec.js
C:\Users\HP\Desktop\ASPNET_mvc_Angular\WebApp\ClientApp\dist\out-tsc\e2e\app.e2e-spec.js.map
C:\Users\HP\Desktop\ASPNET_mvc_Angular\WebApp\ClientApp\dist\out-tsc\src\app\app.component.js
C:\Users\HP\Desktop\ASPNET_mvc_Angular\WebApp\ClientApp\dist\out-tsc\src\app\app.component.js.map
C:\Users\HP\Desktop\ASPNET_mvc_Angular\WebApp\ClientApp\dist\out-tsc\src\app\add-lease\add-lease.component.js
C:\Users\HP\Desktop\ASPNET_mvc_Angular\WebApp\ClientApp\dist\out-tsc\src\app\add-lease\add-lease.component.js.map
C:\Users\HP\Desktop\ASPNET_mvc_Angular\WebApp\ClientApp\dist\out-tsc\src\app\lease-details\lease-details.component.js
C:\Users\HP\Desktop\ASPNET_mvc_Angular\WebApp\ClientApp\dist\out-tsc\src\app\lease-details\lease-details.component.js.map
C:\Users\HP\Desktop\ASPNET_mvc_Angular\WebApp\ClientApp\dist\out-tsc\src\app\app.module.js
C:\Users\HP\Desktop\ASPNET_mvc_Angular\WebApp\ClientApp\dist\out-tsc\src\app\app.module.js.map
C:\Users\HP\Desktop\ASPNET_mvc_Angular\WebApp\ClientApp\dist\out-tsc\src\environments\environment.js
C:\Users\HP\Desktop\ASPNET_mvc_Angular\WebApp\ClientApp\dist\out-tsc\src\environments\environment.js.map
C:\Users\HP\Desktop\ASPNET_mvc_Angular\WebApp\ClientApp\dist\out-tsc\src\main.js
C:\Users\HP\Desktop\ASPNET_mvc_Angular\WebApp\ClientApp\dist\out-tsc\src\main.js.map
C:\Users\HP\Desktop\ASPNET_mvc_Angular\WebApp\ClientApp\dist\out-tsc\src\polyfills.js
C:\Users\HP\Desktop\ASPNET_mvc_Angular\WebApp\ClientApp\dist\out-tsc\src\polyfills.js.map
C:\Users\HP\Desktop\ASPNET_mvc_Angular\WebApp\ClientApp\dist\out-tsc\src\test.js
C:\Users\HP\Desktop\ASPNET_mvc_Angular\WebApp\ClientApp\dist\out-tsc\src\test.js.map
C:\Users\HP\Desktop\ASPNET_mvc_Angular\WebApp\ClientApp\dist\out-tsc\src\app\app.component.spec.js
C:\Users\HP\Desktop\ASPNET_mvc_Angular\WebApp\ClientApp\dist\out-tsc\src\app\app.component.spec.js.map
C:\Users\HP\Desktop\ASPNET_mvc_Angular\WebApp\ClientApp\dist\out-tsc\src\environments\environment.prod.js
C:\Users\HP\Desktop\ASPNET_mvc_Angular\WebApp\ClientApp\dist\out-tsc\src\environments\environment.prod.js.map
C:\Users\HP\Desktop\ASPNET_mvc_Angular\WebApp\ClientApp\dist\out-tsc\src\app\add-lease\add-lease.component.spec.js
C:\Users\HP\Desktop\ASPNET_mvc_Angular\WebApp\ClientApp\dist\out-tsc\src\app\add-lease\add-lease.component.spec.js.map
C:\Users\HP\Desktop\ASPNET_mvc_Angular\WebApp\ClientApp\dist\out-tsc\src\app\lease-details\lease-details.component.spec.js
C:\Users\HP\Desktop\ASPNET_mvc_Angular\WebApp\ClientApp\dist\out-tsc\src\app\lease-details\lease-details.component.spec.js.map
